2024-09-13T06:39:19Z INF Traefik version 3.1.2 built on 2024-08-06T13:37:51Z version=3.1.2
2024-09-13T06:39:19Z INF 
Stats collection is disabled.
Help us improve Traefik by turning this feature on :)
More details on: https://doc.traefik.io/traefik/contributing/data-collection/

2024-09-13T06:39:19Z INF Starting provider aggregator aggregator.ProviderAggregator
2024-09-13T06:39:19Z INF Starting provider *file.Provider
2024-09-13T06:39:19Z INF Starting provider *traefik.Provider
2024-09-13T06:39:19Z INF Starting provider *acme.ChallengeTLSALPN
2024-09-13T06:39:19Z INF Starting provider *docker.Provider
2024-09-13T06:39:19Z INF Starting provider *acme.Provider
2024-09-13T06:39:19Z INF Testing certificate renew... acmeCA=https://acme-v02.api.letsencrypt.org/directory providerName=cloudflare.acme
2024-09-13T06:39:19Z WRN Could not find network named "traefik-proxy" for container "/traefik". Maybe you're missing the project's prefix in the label? container=traefik-nc-gekko-86814b3424156f2b5bdf1a9727a838b6aad178eaae5af2491d6531e8bfffa0c8 providerName=docker serviceName=traefik-nc-gekko
2024-09-13T06:39:19Z WRN Defaulting to first available network (&{"nc-gekko_traefik-proxy" "172.18.0.2" '\x00' "" "ec2d360f5e0c3618d5bfcec00ec1fde96b2e05835b569885f679cabef7607bdb"}) for container "/traefik". container=traefik-nc-gekko-86814b3424156f2b5bdf1a9727a838b6aad178eaae5af2491d6531e8bfffa0c8 providerName=docker serviceName=traefik-nc-gekko
2024-09-13T06:39:23Z INF Register... providerName=cloudflare.acme
2024-09-13T06:39:48Z WRN Could not find network named "traefik-proxy" for container "/traefik". Maybe you're missing the project's prefix in the label? container=traefik-nc-gekko-86814b3424156f2b5bdf1a9727a838b6aad178eaae5af2491d6531e8bfffa0c8 providerName=docker serviceName=traefik-nc-gekko
2024-09-13T06:39:48Z WRN Defaulting to first available network (&{"nc-gekko_traefik-proxy" "172.18.0.2" '\x00' "" "ec2d360f5e0c3618d5bfcec00ec1fde96b2e05835b569885f679cabef7607bdb"}) for container "/traefik". container=traefik-nc-gekko-86814b3424156f2b5bdf1a9727a838b6aad178eaae5af2491d6531e8bfffa0c8 providerName=docker serviceName=traefik-nc-gekko
2024-09-13T06:41:28Z INF I have to go...
2024-09-13T06:41:28Z INF Stopping server gracefully
2024-09-13T06:41:28Z ERR error="accept tcp [::]:80: use of closed network connection" entryPointName=http
2024-09-13T06:41:28Z ERR Error while starting server error="accept tcp [::]:80: use of closed network connection" entryPointName=http
2024-09-13T06:41:28Z ERR error="accept tcp [::]:443: use of closed network connection" entryPointName=https
2024-09-13T06:41:28Z ERR error="close tcp [::]:443: use of closed network connection" entryPointName=https
2024-09-13T06:41:28Z INF Server stopped
2024-09-13T06:41:28Z INF Shutting down
2024-09-13T06:50:08Z INF Traefik version 3.1.2 built on 2024-08-06T13:37:51Z version=3.1.2
2024-09-13T06:50:08Z INF 
Stats collection is disabled.
Help us improve Traefik by turning this feature on :)
More details on: https://doc.traefik.io/traefik/contributing/data-collection/

2024-09-13T06:50:08Z INF Starting provider aggregator aggregator.ProviderAggregator
2024-09-13T06:50:08Z INF Starting provider *file.Provider
2024-09-13T06:50:08Z INF Starting provider *traefik.Provider
2024-09-13T06:50:08Z INF Starting provider *docker.Provider
2024-09-13T06:50:08Z INF Starting provider *acme.ChallengeTLSALPN
2024-09-13T06:50:08Z INF Starting provider *acme.Provider
2024-09-13T06:50:08Z INF Testing certificate renew... acmeCA=https://acme-v02.api.letsencrypt.org/directory providerName=cloudflare.acme
2024-09-13T06:55:34Z INF I have to go...
2024-09-13T06:55:34Z INF Stopping server gracefully
2024-09-13T06:55:34Z ERR error="accept tcp [::]:443: use of closed network connection" entryPointName=https
2024-09-13T06:55:34Z ERR Error while starting server error="accept tcp [::]:443: use of closed network connection" entryPointName=https
2024-09-13T06:55:34Z ERR error="accept tcp [::]:80: use of closed network connection" entryPointName=http
2024-09-13T06:55:34Z ERR Error while starting server error="accept tcp [::]:80: use of closed network connection" entryPointName=http
2024-09-13T06:55:34Z INF Server stopped
2024-09-13T06:55:34Z INF Shutting down
2024-09-13T06:57:54Z INF Traefik version 3.1.2 built on 2024-08-06T13:37:51Z version=3.1.2
2024-09-13T06:57:54Z INF 
Stats collection is disabled.
Help us improve Traefik by turning this feature on :)
More details on: https://doc.traefik.io/traefik/contributing/data-collection/

2024-09-13T06:57:54Z INF Starting provider aggregator aggregator.ProviderAggregator
2024-09-13T06:57:54Z INF Starting provider *file.Provider
2024-09-13T06:57:54Z INF Starting provider *docker.Provider
2024-09-13T06:57:54Z INF Starting provider *acme.ChallengeTLSALPN
2024-09-13T06:57:54Z INF Starting provider *traefik.Provider
2024-09-13T06:57:54Z INF Starting provider *acme.Provider
2024-09-13T06:57:54Z INF Testing certificate renew... acmeCA=https://acme-v02.api.letsencrypt.org/directory providerName=cloudflare.acme
2024-09-13T07:06:36Z INF I have to go...
2024-09-13T07:06:36Z INF Stopping server gracefully
2024-09-13T07:06:36Z ERR error="accept tcp [::]:443: use of closed network connection" entryPointName=https
2024-09-13T07:06:36Z ERR Error while starting server error="accept tcp [::]:443: use of closed network connection" entryPointName=https
2024-09-13T07:06:36Z ERR error="accept tcp [::]:80: use of closed network connection" entryPointName=http
2024-09-13T07:06:36Z ERR Error while starting server error="accept tcp [::]:80: use of closed network connection" entryPointName=http
2024-09-13T07:06:36Z INF Server stopped
2024-09-13T07:06:36Z INF Shutting down
2024-09-13T09:12:28+02:00 INF Traefik version 3.1.2 built on 2024-08-06T13:37:51Z version=3.1.2
2024-09-13T09:12:28+02:00 INF 
Stats collection is disabled.
Help us improve Traefik by turning this feature on :)
More details on: https://doc.traefik.io/traefik/contributing/data-collection/

2024-09-13T09:12:28+02:00 INF Starting provider aggregator aggregator.ProviderAggregator
2024-09-13T09:12:28+02:00 INF Starting provider *file.Provider
2024-09-13T09:12:28+02:00 INF Starting provider *traefik.Provider
2024-09-13T09:12:28+02:00 INF Starting provider *acme.ChallengeTLSALPN
2024-09-13T09:12:28+02:00 INF Starting provider *docker.Provider
2024-09-13T09:12:28+02:00 INF Starting provider *acme.Provider
2024-09-13T09:12:28+02:00 INF Testing certificate renew... acmeCA=https://acme-v02.api.letsencrypt.org/directory providerName=cloudflare.acme
2024-09-13T09:42:13+02:00 INF I have to go...
2024-09-13T09:42:13+02:00 INF Stopping server gracefully
2024-09-13T09:42:13+02:00 ERR error="accept tcp [::]:443: use of closed network connection" entryPointName=https
2024-09-13T09:42:13+02:00 ERR Error while starting server error="accept tcp [::]:443: use of closed network connection" entryPointName=https
2024-09-13T09:42:13+02:00 ERR error="accept tcp [::]:80: use of closed network connection" entryPointName=http
2024-09-13T09:42:13+02:00 ERR Error while starting server error="accept tcp [::]:80: use of closed network connection" entryPointName=http
2024-09-13T09:42:13+02:00 INF Server stopped
2024-09-13T09:42:13+02:00 INF Shutting down
2024-09-13T07:46:16Z INF github.com/traefik/traefik/v3/cmd/traefik/traefik.go:101 > Traefik version 3.1.2 built on 2024-08-06T13:37:51Z version=3.1.2
2024-09-13T07:46:16Z DBG github.com/traefik/traefik/v3/cmd/traefik/traefik.go:108 > Static configuration loaded [json] staticConfiguration={"api":{"dashboard":true,"debug":true},"certificatesResolvers":{"cloudflare":{"acme":{"caServer":"https://acme-v02.api.letsencrypt.org/directory","certificatesDuration":2160,"dnsChallenge":{"provider":"cloudflare","resolvers":["1.1.1.1:53","1.0.0.0:53"]},"email":"p.korczewski@gmail.com","keyType":"RSA4096","storage":"/letsencrypt/acme.json"}}},"entryPoints":{"http":{"address":":80","forwardedHeaders":{},"http":{"redirections":{"entryPoint":{"permanent":true,"priority":9223372036854775806,"scheme":"https","to":"https"}}},"http2":{"maxConcurrentStreams":250},"transport":{"lifeCycle":{"graceTimeOut":"10s"},"respondingTimeouts":{"idleTimeout":"3m0s","readTimeout":"1m0s"}},"udp":{"timeout":"3s"}},"https":{"address":":443","forwardedHeaders":{},"http":{},"http2":{"maxConcurrentStreams":250},"transport":{"lifeCycle":{"graceTimeOut":"10s"},"respondingTimeouts":{"idleTimeout":"3m0s","readTimeout":"1m0s"}},"udp":{"timeout":"3s"}}},"global":{"checkNewVersion":true},"log":{"filePath":"/var/log/traefik.log","format":"common","level":"DEBUG"},"providers":{"docker":{"defaultRule":"Host(`{{ normalize .Name }}`)","endpoint":"unix:///var/run/docker.sock","watch":true},"file":{"filename":"/etc/traefik/config.yml","watch":true},"providersThrottleDuration":"2s"},"serversTransport":{"maxIdleConnsPerHost":200},"tcpServersTransport":{"dialKeepAlive":"15s","dialTimeout":"30s"}}
2024-09-13T07:46:16Z INF github.com/traefik/traefik/v3/cmd/traefik/traefik.go:617 > 
Stats collection is disabled.
Help us improve Traefik by turning this feature on :)
More details on: https://doc.traefik.io/traefik/contributing/data-collection/

2024-09-13T07:46:16Z INF github.com/traefik/traefik/v3/pkg/server/configurationwatcher.go:73 > Starting provider aggregator aggregator.ProviderAggregator
2024-09-13T07:46:16Z DBG github.com/traefik/traefik/v3/pkg/server/server_entrypoint_tcp.go:228 > Starting TCP Server entryPointName=http
2024-09-13T07:46:16Z DBG github.com/traefik/traefik/v3/pkg/server/server_entrypoint_tcp.go:228 > Starting TCP Server entryPointName=https
2024-09-13T07:46:16Z INF github.com/traefik/traefik/v3/pkg/provider/aggregator/aggregator.go:202 > Starting provider *file.Provider
2024-09-13T07:46:16Z DBG github.com/traefik/traefik/v3/pkg/provider/aggregator/aggregator.go:203 > *file.Provider provider configuration config={"filename":"/etc/traefik/config.yml","watch":true}
2024-09-13T07:46:16Z DBG github.com/traefik/traefik/v3/pkg/provider/file/file.go:122 > add watcher on: /etc/traefik
2024-09-13T07:46:16Z DBG github.com/traefik/traefik/v3/pkg/provider/file/file.go:122 > add watcher on: /etc/traefik/config.yml
2024-09-13T07:46:16Z INF github.com/traefik/traefik/v3/pkg/provider/aggregator/aggregator.go:202 > Starting provider *traefik.Provider
2024-09-13T07:46:16Z DBG github.com/traefik/traefik/v3/pkg/provider/aggregator/aggregator.go:203 > *traefik.Provider provider configuration config={}
2024-09-13T07:46:16Z DBG github.com/traefik/traefik/v3/pkg/server/configurationwatcher.go:227 > Configuration received config={"http":{"middlewares":{"redirect-http-to-https":{"redirectScheme":{"permanent":true,"port":"443","scheme":"https"}}},"routers":{"http-to-https":{"entryPoints":["http"],"middlewares":["redirect-http-to-https"],"priority":9223372036854775806,"rule":"HostRegexp(`^.+$`)","ruleSyntax":"v3","service":"noop@internal"}},"serversTransports":{"default":{"maxIdleConnsPerHost":200}},"services":{"api":{},"dashboard":{},"noop":{}}},"tcp":{"serversTransports":{"default":{"dialKeepAlive":"15s","dialTimeout":"30s"}}},"tls":{},"udp":{}} providerName=internal
2024-09-13T07:46:16Z INF github.com/traefik/traefik/v3/pkg/provider/aggregator/aggregator.go:202 > Starting provider *docker.Provider
2024-09-13T07:46:16Z DBG github.com/traefik/traefik/v3/pkg/provider/aggregator/aggregator.go:203 > *docker.Provider provider configuration config={"defaultRule":"Host(`{{ normalize .Name }}`)","endpoint":"unix:///var/run/docker.sock","watch":true}
2024-09-13T07:46:16Z DBG github.com/traefik/traefik/v3/pkg/server/configurationwatcher.go:227 > Configuration received config={"http":{"middlewares":{"https-redirect":{"redirectScheme":{"permanent":true,"scheme":"https"}},"nextcloud-secure-headers":{"headers":{"customResponseHeaders":{"X-Robots-Tag":"none"},"hostsProxyHeaders":["X-Forwarded-Host"],"referrerPolicy":"same-origin"}}}},"tcp":{},"tls":{},"udp":{}} providerName=file
2024-09-13T07:46:16Z INF github.com/traefik/traefik/v3/pkg/provider/aggregator/aggregator.go:202 > Starting provider *acme.Provider
2024-09-13T07:46:16Z DBG github.com/traefik/traefik/v3/pkg/provider/aggregator/aggregator.go:203 > *acme.Provider provider configuration config={"HTTPChallengeProvider":{},"ResolverName":"cloudflare","TLSChallengeProvider":{},"caServer":"https://acme-v02.api.letsencrypt.org/directory","certificatesDuration":2160,"dnsChallenge":{"provider":"cloudflare","resolvers":["1.1.1.1:53","1.0.0.0:53"]},"email":"p.korczewski@gmail.com","keyType":"RSA4096","storage":"/letsencrypt/acme.json","store":{}}
2024-09-13T07:46:16Z DBG github.com/traefik/traefik/v3/pkg/provider/acme/provider.go:213 > Attempt to renew certificates "720h0m0s" before expiry and check every "24h0m0s" acmeCA=https://acme-v02.api.letsencrypt.org/directory providerName=cloudflare.acme
2024-09-13T07:46:16Z INF github.com/traefik/traefik/v3/pkg/provider/acme/provider.go:795 > Testing certificate renew... acmeCA=https://acme-v02.api.letsencrypt.org/directory providerName=cloudflare.acme
2024-09-13T07:46:16Z INF github.com/traefik/traefik/v3/pkg/provider/aggregator/aggregator.go:202 > Starting provider *acme.ChallengeTLSALPN
2024-09-13T07:46:16Z DBG github.com/traefik/traefik/v3/pkg/provider/aggregator/aggregator.go:203 > *acme.ChallengeTLSALPN provider configuration config={}
2024-09-13T07:46:16Z DBG github.com/traefik/traefik/v3/pkg/server/configurationwatcher.go:227 > Configuration received config={"http":{},"tcp":{},"tls":{},"udp":{}} providerName=cloudflare.acme
2024-09-13T07:46:16Z DBG github.com/traefik/traefik/v3/pkg/provider/docker/pdocker.go:90 > Provider connection established with docker 27.2.1 (API 1.47) providerName=docker
2024-09-13T07:46:16Z WRN github.com/traefik/traefik/v3/pkg/provider/docker/config.go:333 > Could not find network named "traefik-proxy" for container "/traefik". Maybe you're missing the project's prefix in the label? container=traefik-nc-gekko-ff107dd0f4590b26ad703bef8e55279029db5645e82fa2e9616733f2fd3e5e2f providerName=docker serviceName=traefik-nc-gekko
2024-09-13T07:46:16Z WRN github.com/traefik/traefik/v3/pkg/provider/docker/config.go:377 > Defaulting to first available network (&{"nc-gekko_traefik-proxy" "172.18.0.3" '\x00' "" "1af945f4a05f9aafab8540f4b144adb7ce74afac1da5ea2a5d3e101bf67f9b42"}) for container "/traefik". container=traefik-nc-gekko-ff107dd0f4590b26ad703bef8e55279029db5645e82fa2e9616733f2fd3e5e2f providerName=docker serviceName=traefik-nc-gekko
2024-09-13T07:46:16Z DBG github.com/traefik/traefik/v3/pkg/provider/docker/config.go:199 > Filtering unhealthy or starting container container=nextcloud-nc-gekko-9d1274d2234ded9e074bbff122edec177a23c7f5671484632a1cb7a998ee7379 providerName=docker
2024-09-13T07:46:16Z DBG github.com/traefik/traefik/v3/pkg/server/configurationwatcher.go:227 > Configuration received config={"http":{"routers":{"traefik":{"rule":"Host(`traefik-nc-gekko`)","service":"api@internal","tls":{"certResolver":"cloudflare","domains":[{"main":"mentolder.de","sans":["*.mentolder.de"]}]}}},"services":{"traefik-nc-gekko":{"loadBalancer":{"passHostHeader":true,"responseForwarding":{"flushInterval":"100ms"},"servers":[{"url":"http://172.18.0.3:80"}]}}}},"tcp":{},"tls":{},"udp":{}} providerName=docker
2024-09-13T07:46:16Z DBG github.com/traefik/traefik/v3/pkg/tls/tlsmanager.go:321 > No default certificate, fallback to the internal generated certificate tlsStoreName=default
2024-09-13T07:46:16Z DBG github.com/traefik/traefik/v3/pkg/middlewares/redirect/redirect_scheme.go:29 > Creating middleware entryPointName=http middlewareName=redirect-http-to-https@internal middlewareType=RedirectScheme routerName=http-to-https@internal
2024-09-13T07:46:16Z DBG github.com/traefik/traefik/v3/pkg/middlewares/redirect/redirect_scheme.go:30 > Setting up redirection to https 443 entryPointName=http middlewareName=redirect-http-to-https@internal middlewareType=RedirectScheme routerName=http-to-https@internal
2024-09-13T07:46:16Z DBG github.com/traefik/traefik/v3/pkg/middlewares/recovery/recovery.go:22 > Creating middleware entryPointName=http middlewareName=traefik-internal-recovery middlewareType=Recovery
2024-09-13T07:46:16Z DBG github.com/traefik/traefik/v3/pkg/server/aggregator.go:51 > No entryPoint defined for this router, using the default one(s) instead entryPointName=["http","https"] routerName=traefik
2024-09-13T07:46:16Z DBG github.com/traefik/traefik/v3/pkg/tls/certificate.go:131 > Adding certificate for domain(s) *.mentolder.de,mentolder.de
2024-09-13T07:46:16Z DBG github.com/traefik/traefik/v3/pkg/tls/tlsmanager.go:321 > No default certificate, fallback to the internal generated certificate tlsStoreName=default
2024-09-13T07:46:16Z DBG github.com/traefik/traefik/v3/pkg/middlewares/redirect/redirect_scheme.go:29 > Creating middleware entryPointName=http middlewareName=redirect-http-to-https@internal middlewareType=RedirectScheme routerName=http-to-https@internal
2024-09-13T07:46:16Z DBG github.com/traefik/traefik/v3/pkg/middlewares/redirect/redirect_scheme.go:30 > Setting up redirection to https 443 entryPointName=http middlewareName=redirect-http-to-https@internal middlewareType=RedirectScheme routerName=http-to-https@internal
2024-09-13T07:46:16Z DBG github.com/traefik/traefik/v3/pkg/middlewares/recovery/recovery.go:22 > Creating middleware entryPointName=http middlewareName=traefik-internal-recovery middlewareType=Recovery
2024-09-13T07:46:16Z DBG github.com/traefik/traefik/v3/pkg/middlewares/recovery/recovery.go:22 > Creating middleware entryPointName=http middlewareName=traefik-internal-recovery middlewareType=Recovery
2024-09-13T07:46:16Z DBG github.com/traefik/traefik/v3/pkg/middlewares/recovery/recovery.go:22 > Creating middleware entryPointName=https middlewareName=traefik-internal-recovery middlewareType=Recovery
2024-09-13T07:46:16Z DBG github.com/traefik/traefik/v3/pkg/server/router/tcp/manager.go:237 > Adding route for traefik-nc-gekko with TLS options default entryPointName=http
2024-09-13T07:46:16Z DBG github.com/traefik/traefik/v3/pkg/server/router/tcp/manager.go:237 > Adding route for traefik-nc-gekko with TLS options default entryPointName=https
2024-09-13T07:46:16Z DBG github.com/traefik/traefik/v3/pkg/provider/acme/provider.go:851 > Looking for provided certificate(s) to validate ["mentolder.de" "*.mentolder.de"]... ACME CA=https://acme-v02.api.letsencrypt.org/directory acmeCA=https://acme-v02.api.letsencrypt.org/directory providerName=cloudflare.acme
2024-09-13T07:46:16Z DBG github.com/traefik/traefik/v3/pkg/provider/acme/provider.go:895 > No ACME certificate generation required for domains ACME CA=https://acme-v02.api.letsencrypt.org/directory acmeCA=https://acme-v02.api.letsencrypt.org/directory domains=["mentolder.de","*.mentolder.de"] providerName=cloudflare.acme
2024-09-13T07:46:46Z DBG github.com/traefik/traefik/v3/pkg/provider/docker/pdocker.go:112 > Provider event received {Status:health_status: healthy ID:9d1274d2234ded9e074bbff122edec177a23c7f5671484632a1cb7a998ee7379 From:nextcloud/all-in-one:latest Type:container Action:health_status: healthy Actor:{ID:9d1274d2234ded9e074bbff122edec177a23c7f5671484632a1cb7a998ee7379 Attributes:map[com.docker.compose.config-hash:d3e99e39b378c28934722f514e6cb27e39cd4f38777db386c86fcf6130ac8d92 com.docker.compose.container-number:1 com.docker.compose.depends_on: com.docker.compose.oneoff:False com.docker.compose.project:nc-gekko com.docker.compose.project.config_files:/home/gekko/NC-gekko/docker-compose.yml com.docker.compose.project.working_dir:/home/gekko/NC-gekko com.docker.compose.service:nextcloud com.docker.compose.version:2.3.3 image:nextcloud/all-in-one:latest name:nextcloud-aio-mastercontainer traefik.enable:true traefik.http.routers.nextcloud.entrypoints:https traefik.http.routers.nextcloud.rule:Host(`nextcloud.mentolder.de`) traefik.http.routers.nextcloud.tls:true traefik.http.routers.nextcloud.tls.certresolver:cloudflare traefik.http.services.nextcloud.loadbalancer.server.port:11000]} Scope:local Time:1726213606 TimeNano:1726213606220884945} providerName=docker
2024-09-13T07:46:46Z WRN github.com/traefik/traefik/v3/pkg/provider/docker/config.go:333 > Could not find network named "traefik-proxy" for container "/traefik". Maybe you're missing the project's prefix in the label? container=traefik-nc-gekko-ff107dd0f4590b26ad703bef8e55279029db5645e82fa2e9616733f2fd3e5e2f providerName=docker serviceName=traefik-nc-gekko
2024-09-13T07:46:46Z WRN github.com/traefik/traefik/v3/pkg/provider/docker/config.go:377 > Defaulting to first available network (&{"nc-gekko_traefik-proxy" "172.18.0.3" '\x00' "" "1af945f4a05f9aafab8540f4b144adb7ce74afac1da5ea2a5d3e101bf67f9b42"}) for container "/traefik". container=traefik-nc-gekko-ff107dd0f4590b26ad703bef8e55279029db5645e82fa2e9616733f2fd3e5e2f providerName=docker serviceName=traefik-nc-gekko
2024-09-13T07:46:46Z DBG github.com/traefik/traefik/v3/pkg/server/configurationwatcher.go:227 > Configuration received config={"http":{"routers":{"nextcloud":{"entryPoints":["https"],"rule":"Host(`nextcloud.mentolder.de`)","service":"nextcloud","tls":{"certResolver":"cloudflare"}},"traefik":{"rule":"Host(`traefik-nc-gekko`)","service":"api@internal","tls":{"certResolver":"cloudflare","domains":[{"main":"mentolder.de","sans":["*.mentolder.de"]}]}}},"services":{"nextcloud":{"loadBalancer":{"passHostHeader":true,"responseForwarding":{"flushInterval":"100ms"},"servers":[{"url":"http://172.18.0.2:11000"}]}},"traefik-nc-gekko":{"loadBalancer":{"passHostHeader":true,"responseForwarding":{"flushInterval":"100ms"},"servers":[{"url":"http://172.18.0.3:80"}]}}}},"tcp":{},"tls":{},"udp":{}} providerName=docker
2024-09-13T07:46:46Z DBG github.com/traefik/traefik/v3/pkg/server/aggregator.go:51 > No entryPoint defined for this router, using the default one(s) instead entryPointName=["http","https"] routerName=traefik
2024-09-13T07:46:46Z DBG github.com/traefik/traefik/v3/pkg/tls/certificate.go:131 > Adding certificate for domain(s) *.mentolder.de,mentolder.de
2024-09-13T07:46:46Z DBG github.com/traefik/traefik/v3/pkg/tls/tlsmanager.go:321 > No default certificate, fallback to the internal generated certificate tlsStoreName=default
2024-09-13T07:46:46Z DBG github.com/traefik/traefik/v3/pkg/middlewares/redirect/redirect_scheme.go:29 > Creating middleware entryPointName=http middlewareName=redirect-http-to-https@internal middlewareType=RedirectScheme routerName=http-to-https@internal
2024-09-13T07:46:46Z DBG github.com/traefik/traefik/v3/pkg/middlewares/redirect/redirect_scheme.go:30 > Setting up redirection to https 443 entryPointName=http middlewareName=redirect-http-to-https@internal middlewareType=RedirectScheme routerName=http-to-https@internal
2024-09-13T07:46:46Z DBG github.com/traefik/traefik/v3/pkg/middlewares/recovery/recovery.go:22 > Creating middleware entryPointName=http middlewareName=traefik-internal-recovery middlewareType=Recovery
2024-09-13T07:46:46Z DBG github.com/traefik/traefik/v3/pkg/middlewares/recovery/recovery.go:22 > Creating middleware entryPointName=http middlewareName=traefik-internal-recovery middlewareType=Recovery
2024-09-13T07:46:46Z DBG github.com/traefik/traefik/v3/pkg/server/service/service.go:267 > Creating load-balancer entryPointName=https routerName=nextcloud@docker serviceName=nextcloud@docker
2024-09-13T07:46:46Z DBG github.com/traefik/traefik/v3/pkg/server/service/service.go:309 > Creating server entryPointName=https routerName=nextcloud@docker serverName=ba8293565fa469ac serviceName=nextcloud@docker target=http://172.18.0.2:11000
2024-09-13T07:46:46Z DBG github.com/traefik/traefik/v3/pkg/middlewares/recovery/recovery.go:22 > Creating middleware entryPointName=https middlewareName=traefik-internal-recovery middlewareType=Recovery
2024-09-13T07:46:46Z DBG github.com/traefik/traefik/v3/pkg/server/router/tcp/manager.go:237 > Adding route for traefik-nc-gekko with TLS options default entryPointName=http
2024-09-13T07:46:46Z DBG github.com/traefik/traefik/v3/pkg/server/router/tcp/manager.go:237 > Adding route for traefik-nc-gekko with TLS options default entryPointName=https
2024-09-13T07:46:46Z DBG github.com/traefik/traefik/v3/pkg/server/router/tcp/manager.go:237 > Adding route for nextcloud.mentolder.de with TLS options default entryPointName=https
2024-09-13T07:46:46Z DBG github.com/traefik/traefik/v3/pkg/provider/acme/provider.go:384 > Trying to challenge certificate for domain [nextcloud.mentolder.de] found in HostSNI rule ACME CA=https://acme-v02.api.letsencrypt.org/directory acmeCA=https://acme-v02.api.letsencrypt.org/directory providerName=cloudflare.acme routerName=nextcloud@docker rule=Host(`nextcloud.mentolder.de`)
2024-09-13T07:46:46Z DBG github.com/traefik/traefik/v3/pkg/provider/acme/provider.go:851 > Looking for provided certificate(s) to validate ["mentolder.de" "*.mentolder.de"]... ACME CA=https://acme-v02.api.letsencrypt.org/directory acmeCA=https://acme-v02.api.letsencrypt.org/directory providerName=cloudflare.acme
2024-09-13T07:46:46Z DBG github.com/traefik/traefik/v3/pkg/provider/acme/provider.go:851 > Looking for provided certificate(s) to validate ["nextcloud.mentolder.de"]... ACME CA=https://acme-v02.api.letsencrypt.org/directory acmeCA=https://acme-v02.api.letsencrypt.org/directory providerName=cloudflare.acme routerName=nextcloud@docker rule=Host(`nextcloud.mentolder.de`)
2024-09-13T07:46:46Z DBG github.com/traefik/traefik/v3/pkg/provider/acme/provider.go:895 > No ACME certificate generation required for domains ACME CA=https://acme-v02.api.letsencrypt.org/directory acmeCA=https://acme-v02.api.letsencrypt.org/directory domains=["mentolder.de","*.mentolder.de"] providerName=cloudflare.acme
2024-09-13T07:46:46Z DBG github.com/traefik/traefik/v3/pkg/provider/acme/provider.go:895 > No ACME certificate generation required for domains ACME CA=https://acme-v02.api.letsencrypt.org/directory acmeCA=https://acme-v02.api.letsencrypt.org/directory domains=["nextcloud.mentolder.de"] providerName=cloudflare.acme routerName=nextcloud@docker rule=Host(`nextcloud.mentolder.de`)
2024-09-13T07:48:19Z DBG github.com/traefik/traefik/v3/pkg/provider/docker/pdocker.go:112 > Provider event received {Status:start ID:43122c20d6ae94b12a4a74bd1a5433e260a96a1d87b7642a7a2c3f1c86b18429 From:nextcloud/aio-domaincheck:latest Type:container Action:start Actor:{ID:43122c20d6ae94b12a4a74bd1a5433e260a96a1d87b7642a7a2c3f1c86b18429 Attributes:map[com.centurylinklabs.watchtower.enable:false image:nextcloud/aio-domaincheck:latest name:nextcloud-aio-domaincheck]} Scope:local Time:1726213699 TimeNano:1726213699850248588} providerName=docker
2024-09-13T07:48:19Z DBG github.com/traefik/traefik/v3/pkg/provider/docker/config.go:184 > Filtering disabled container container=nextcloud-aio-domaincheck-43122c20d6ae94b12a4a74bd1a5433e260a96a1d87b7642a7a2c3f1c86b18429 providerName=docker
2024-09-13T07:48:19Z WRN github.com/traefik/traefik/v3/pkg/provider/docker/config.go:333 > Could not find network named "traefik-proxy" for container "/traefik". Maybe you're missing the project's prefix in the label? container=traefik-nc-gekko-ff107dd0f4590b26ad703bef8e55279029db5645e82fa2e9616733f2fd3e5e2f providerName=docker serviceName=traefik-nc-gekko
2024-09-13T07:48:19Z WRN github.com/traefik/traefik/v3/pkg/provider/docker/config.go:377 > Defaulting to first available network (&{"nc-gekko_traefik-proxy" "172.18.0.3" '\x00' "" "1af945f4a05f9aafab8540f4b144adb7ce74afac1da5ea2a5d3e101bf67f9b42"}) for container "/traefik". container=traefik-nc-gekko-ff107dd0f4590b26ad703bef8e55279029db5645e82fa2e9616733f2fd3e5e2f providerName=docker serviceName=traefik-nc-gekko
2024-09-13T07:48:19Z DBG github.com/traefik/traefik/v3/pkg/server/configurationwatcher.go:227 > Configuration received config={"http":{"routers":{"nextcloud":{"entryPoints":["https"],"rule":"Host(`nextcloud.mentolder.de`)","service":"nextcloud","tls":{"certResolver":"cloudflare"}},"traefik":{"rule":"Host(`traefik-nc-gekko`)","service":"api@internal","tls":{"certResolver":"cloudflare","domains":[{"main":"mentolder.de","sans":["*.mentolder.de"]}]}}},"services":{"nextcloud":{"loadBalancer":{"passHostHeader":true,"responseForwarding":{"flushInterval":"100ms"},"servers":[{"url":"http://172.19.0.2:11000"}]}},"traefik-nc-gekko":{"loadBalancer":{"passHostHeader":true,"responseForwarding":{"flushInterval":"100ms"},"servers":[{"url":"http://172.18.0.3:80"}]}}}},"tcp":{},"tls":{},"udp":{}} providerName=docker
2024-09-13T07:48:19Z DBG github.com/traefik/traefik/v3/pkg/server/aggregator.go:51 > No entryPoint defined for this router, using the default one(s) instead entryPointName=["http","https"] routerName=traefik
2024-09-13T07:48:19Z DBG github.com/traefik/traefik/v3/pkg/tls/certificate.go:131 > Adding certificate for domain(s) *.mentolder.de,mentolder.de
2024-09-13T07:48:20Z DBG github.com/traefik/traefik/v3/pkg/tls/tlsmanager.go:321 > No default certificate, fallback to the internal generated certificate tlsStoreName=default
2024-09-13T07:48:20Z DBG github.com/traefik/traefik/v3/pkg/middlewares/redirect/redirect_scheme.go:29 > Creating middleware entryPointName=http middlewareName=redirect-http-to-https@internal middlewareType=RedirectScheme routerName=http-to-https@internal
2024-09-13T07:48:20Z DBG github.com/traefik/traefik/v3/pkg/middlewares/redirect/redirect_scheme.go:30 > Setting up redirection to https 443 entryPointName=http middlewareName=redirect-http-to-https@internal middlewareType=RedirectScheme routerName=http-to-https@internal
2024-09-13T07:48:20Z DBG github.com/traefik/traefik/v3/pkg/middlewares/recovery/recovery.go:22 > Creating middleware entryPointName=http middlewareName=traefik-internal-recovery middlewareType=Recovery
2024-09-13T07:48:20Z DBG github.com/traefik/traefik/v3/pkg/server/service/service.go:267 > Creating load-balancer entryPointName=https routerName=nextcloud@docker serviceName=nextcloud@docker
2024-09-13T07:48:20Z DBG github.com/traefik/traefik/v3/pkg/server/service/service.go:309 > Creating server entryPointName=https routerName=nextcloud@docker serverName=222fdb86330b087f serviceName=nextcloud@docker target=http://172.19.0.2:11000
2024-09-13T07:48:20Z DBG github.com/traefik/traefik/v3/pkg/middlewares/recovery/recovery.go:22 > Creating middleware entryPointName=https middlewareName=traefik-internal-recovery middlewareType=Recovery
2024-09-13T07:48:20Z DBG github.com/traefik/traefik/v3/pkg/middlewares/recovery/recovery.go:22 > Creating middleware entryPointName=http middlewareName=traefik-internal-recovery middlewareType=Recovery
2024-09-13T07:48:20Z DBG github.com/traefik/traefik/v3/pkg/server/router/tcp/manager.go:237 > Adding route for traefik-nc-gekko with TLS options default entryPointName=http
2024-09-13T07:48:20Z DBG github.com/traefik/traefik/v3/pkg/server/router/tcp/manager.go:237 > Adding route for nextcloud.mentolder.de with TLS options default entryPointName=https
2024-09-13T07:48:20Z DBG github.com/traefik/traefik/v3/pkg/server/router/tcp/manager.go:237 > Adding route for traefik-nc-gekko with TLS options default entryPointName=https
2024-09-13T07:48:20Z DBG github.com/traefik/traefik/v3/pkg/provider/acme/provider.go:384 > Trying to challenge certificate for domain [nextcloud.mentolder.de] found in HostSNI rule ACME CA=https://acme-v02.api.letsencrypt.org/directory acmeCA=https://acme-v02.api.letsencrypt.org/directory providerName=cloudflare.acme routerName=nextcloud@docker rule=Host(`nextcloud.mentolder.de`)
2024-09-13T07:48:20Z DBG github.com/traefik/traefik/v3/pkg/provider/acme/provider.go:851 > Looking for provided certificate(s) to validate ["mentolder.de" "*.mentolder.de"]... ACME CA=https://acme-v02.api.letsencrypt.org/directory acmeCA=https://acme-v02.api.letsencrypt.org/directory providerName=cloudflare.acme
2024-09-13T07:48:20Z DBG github.com/traefik/traefik/v3/pkg/provider/acme/provider.go:851 > Looking for provided certificate(s) to validate ["nextcloud.mentolder.de"]... ACME CA=https://acme-v02.api.letsencrypt.org/directory acmeCA=https://acme-v02.api.letsencrypt.org/directory providerName=cloudflare.acme routerName=nextcloud@docker rule=Host(`nextcloud.mentolder.de`)
2024-09-13T07:48:20Z DBG github.com/traefik/traefik/v3/pkg/provider/acme/provider.go:895 > No ACME certificate generation required for domains ACME CA=https://acme-v02.api.letsencrypt.org/directory acmeCA=https://acme-v02.api.letsencrypt.org/directory domains=["mentolder.de","*.mentolder.de"] providerName=cloudflare.acme
2024-09-13T07:48:20Z DBG github.com/traefik/traefik/v3/pkg/provider/acme/provider.go:895 > No ACME certificate generation required for domains ACME CA=https://acme-v02.api.letsencrypt.org/directory acmeCA=https://acme-v02.api.letsencrypt.org/directory domains=["nextcloud.mentolder.de"] providerName=cloudflare.acme routerName=nextcloud@docker rule=Host(`nextcloud.mentolder.de`)
2024-09-13T07:48:49Z DBG github.com/traefik/traefik/v3/pkg/provider/docker/pdocker.go:112 > Provider event received {Status:health_status: healthy ID:43122c20d6ae94b12a4a74bd1a5433e260a96a1d87b7642a7a2c3f1c86b18429 From:nextcloud/aio-domaincheck:latest Type:container Action:health_status: healthy Actor:{ID:43122c20d6ae94b12a4a74bd1a5433e260a96a1d87b7642a7a2c3f1c86b18429 Attributes:map[com.centurylinklabs.watchtower.enable:false image:nextcloud/aio-domaincheck:latest name:nextcloud-aio-domaincheck]} Scope:local Time:1726213729 TimeNano:1726213729905485420} providerName=docker
2024-09-13T07:48:49Z DBG github.com/traefik/traefik/v3/pkg/provider/docker/config.go:184 > Filtering disabled container container=nextcloud-aio-domaincheck-43122c20d6ae94b12a4a74bd1a5433e260a96a1d87b7642a7a2c3f1c86b18429 providerName=docker
2024-09-13T07:48:49Z WRN github.com/traefik/traefik/v3/pkg/provider/docker/config.go:333 > Could not find network named "traefik-proxy" for container "/traefik". Maybe you're missing the project's prefix in the label? container=traefik-nc-gekko-ff107dd0f4590b26ad703bef8e55279029db5645e82fa2e9616733f2fd3e5e2f providerName=docker serviceName=traefik-nc-gekko
2024-09-13T07:48:49Z WRN github.com/traefik/traefik/v3/pkg/provider/docker/config.go:377 > Defaulting to first available network (&{"nc-gekko_traefik-proxy" "172.18.0.3" '\x00' "" "1af945f4a05f9aafab8540f4b144adb7ce74afac1da5ea2a5d3e101bf67f9b42"}) for container "/traefik". container=traefik-nc-gekko-ff107dd0f4590b26ad703bef8e55279029db5645e82fa2e9616733f2fd3e5e2f providerName=docker serviceName=traefik-nc-gekko
2024-09-13T07:48:49Z DBG github.com/traefik/traefik/v3/pkg/server/configurationwatcher.go:227 > Configuration received config={"http":{"routers":{"nextcloud":{"entryPoints":["https"],"rule":"Host(`nextcloud.mentolder.de`)","service":"nextcloud","tls":{"certResolver":"cloudflare"}},"traefik":{"rule":"Host(`traefik-nc-gekko`)","service":"api@internal","tls":{"certResolver":"cloudflare","domains":[{"main":"mentolder.de","sans":["*.mentolder.de"]}]}}},"services":{"nextcloud":{"loadBalancer":{"passHostHeader":true,"responseForwarding":{"flushInterval":"100ms"},"servers":[{"url":"http://172.18.0.2:11000"}]}},"traefik-nc-gekko":{"loadBalancer":{"passHostHeader":true,"responseForwarding":{"flushInterval":"100ms"},"servers":[{"url":"http://172.18.0.3:80"}]}}}},"tcp":{},"tls":{},"udp":{}} providerName=docker
2024-09-13T07:48:49Z DBG github.com/traefik/traefik/v3/pkg/server/aggregator.go:51 > No entryPoint defined for this router, using the default one(s) instead entryPointName=["http","https"] routerName=traefik
2024-09-13T07:48:49Z DBG github.com/traefik/traefik/v3/pkg/tls/certificate.go:131 > Adding certificate for domain(s) *.mentolder.de,mentolder.de
2024-09-13T07:48:50Z DBG github.com/traefik/traefik/v3/pkg/tls/tlsmanager.go:321 > No default certificate, fallback to the internal generated certificate tlsStoreName=default
2024-09-13T07:48:50Z DBG github.com/traefik/traefik/v3/pkg/middlewares/redirect/redirect_scheme.go:29 > Creating middleware entryPointName=http middlewareName=redirect-http-to-https@internal middlewareType=RedirectScheme routerName=http-to-https@internal
2024-09-13T07:48:50Z DBG github.com/traefik/traefik/v3/pkg/middlewares/redirect/redirect_scheme.go:30 > Setting up redirection to https 443 entryPointName=http middlewareName=redirect-http-to-https@internal middlewareType=RedirectScheme routerName=http-to-https@internal
2024-09-13T07:48:50Z DBG github.com/traefik/traefik/v3/pkg/middlewares/recovery/recovery.go:22 > Creating middleware entryPointName=http middlewareName=traefik-internal-recovery middlewareType=Recovery
2024-09-13T07:48:50Z DBG github.com/traefik/traefik/v3/pkg/server/service/service.go:267 > Creating load-balancer entryPointName=https routerName=nextcloud@docker serviceName=nextcloud@docker
2024-09-13T07:48:50Z DBG github.com/traefik/traefik/v3/pkg/server/service/service.go:309 > Creating server entryPointName=https routerName=nextcloud@docker serverName=ba8293565fa469ac serviceName=nextcloud@docker target=http://172.18.0.2:11000
2024-09-13T07:48:50Z DBG github.com/traefik/traefik/v3/pkg/middlewares/recovery/recovery.go:22 > Creating middleware entryPointName=https middlewareName=traefik-internal-recovery middlewareType=Recovery
2024-09-13T07:48:50Z DBG github.com/traefik/traefik/v3/pkg/middlewares/recovery/recovery.go:22 > Creating middleware entryPointName=http middlewareName=traefik-internal-recovery middlewareType=Recovery
2024-09-13T07:48:50Z DBG github.com/traefik/traefik/v3/pkg/server/router/tcp/manager.go:237 > Adding route for traefik-nc-gekko with TLS options default entryPointName=http
2024-09-13T07:48:50Z DBG github.com/traefik/traefik/v3/pkg/server/router/tcp/manager.go:237 > Adding route for nextcloud.mentolder.de with TLS options default entryPointName=https
2024-09-13T07:48:50Z DBG github.com/traefik/traefik/v3/pkg/server/router/tcp/manager.go:237 > Adding route for traefik-nc-gekko with TLS options default entryPointName=https
2024-09-13T07:48:50Z DBG github.com/traefik/traefik/v3/pkg/provider/acme/provider.go:384 > Trying to challenge certificate for domain [nextcloud.mentolder.de] found in HostSNI rule ACME CA=https://acme-v02.api.letsencrypt.org/directory acmeCA=https://acme-v02.api.letsencrypt.org/directory providerName=cloudflare.acme routerName=nextcloud@docker rule=Host(`nextcloud.mentolder.de`)
2024-09-13T07:48:50Z DBG github.com/traefik/traefik/v3/pkg/provider/acme/provider.go:851 > Looking for provided certificate(s) to validate ["mentolder.de" "*.mentolder.de"]... ACME CA=https://acme-v02.api.letsencrypt.org/directory acmeCA=https://acme-v02.api.letsencrypt.org/directory providerName=cloudflare.acme
2024-09-13T07:48:50Z DBG github.com/traefik/traefik/v3/pkg/provider/acme/provider.go:851 > Looking for provided certificate(s) to validate ["nextcloud.mentolder.de"]... ACME CA=https://acme-v02.api.letsencrypt.org/directory acmeCA=https://acme-v02.api.letsencrypt.org/directory providerName=cloudflare.acme routerName=nextcloud@docker rule=Host(`nextcloud.mentolder.de`)
2024-09-13T07:48:50Z DBG github.com/traefik/traefik/v3/pkg/provider/acme/provider.go:895 > No ACME certificate generation required for domains ACME CA=https://acme-v02.api.letsencrypt.org/directory acmeCA=https://acme-v02.api.letsencrypt.org/directory domains=["mentolder.de","*.mentolder.de"] providerName=cloudflare.acme
2024-09-13T07:48:50Z DBG github.com/traefik/traefik/v3/pkg/provider/acme/provider.go:895 > No ACME certificate generation required for domains ACME CA=https://acme-v02.api.letsencrypt.org/directory acmeCA=https://acme-v02.api.letsencrypt.org/directory domains=["nextcloud.mentolder.de"] providerName=cloudflare.acme routerName=nextcloud@docker rule=Host(`nextcloud.mentolder.de`)
2024-09-13T07:49:56Z DBG github.com/traefik/traefik/v3/pkg/server/service/loadbalancer/wrr/wrr.go:196 > Service selected by WRR: ba8293565fa469ac
2024-09-13T07:49:56Z DBG github.com/traefik/traefik/v3/pkg/server/service/proxy.go:100 > 502 Bad Gateway error="dial tcp 172.18.0.2:11000: connect: connection refused"
2024-09-13T08:02:32Z INF github.com/traefik/traefik/v3/pkg/server/server.go:51 > I have to go...
2024-09-13T08:02:32Z INF github.com/traefik/traefik/v3/pkg/server/server.go:52 > Stopping server gracefully
2024-09-13T08:02:32Z DBG github.com/traefik/traefik/v3/pkg/server/server_entrypoint_tcp.go:295 > Waiting 10s seconds before killing connections entryPointName=http
2024-09-13T08:02:32Z DBG github.com/traefik/traefik/v3/pkg/server/server_entrypoint_tcp.go:295 > Waiting 10s seconds before killing connections entryPointName=https
2024-09-13T08:02:32Z ERR github.com/traefik/traefik/v3/pkg/server/server_entrypoint_tcp.go:237 > error="accept tcp [::]:80: use of closed network connection" entryPointName=http
2024-09-13T08:02:32Z ERR github.com/traefik/traefik/v3/pkg/server/server_entrypoint_tcp.go:691 > Error while starting server error="accept tcp [::]:80: use of closed network connection" entryPointName=http
2024-09-13T08:02:32Z ERR github.com/traefik/traefik/v3/pkg/server/server_entrypoint_tcp.go:237 > error="accept tcp [::]:443: use of closed network connection" entryPointName=https
2024-09-13T08:02:32Z ERR github.com/traefik/traefik/v3/pkg/server/server_entrypoint_tcp.go:691 > Error while starting server error="accept tcp [::]:443: use of closed network connection" entryPointName=https
2024-09-13T08:02:32Z DBG github.com/traefik/traefik/v3/pkg/server/server_entrypoint_tcp.go:153 > Entrypoint closed entryPointName=http
2024-09-13T08:02:32Z DBG github.com/traefik/traefik/v3/pkg/server/server_entrypoint_tcp.go:153 > Entrypoint closed entryPointName=https
2024-09-13T08:02:32Z INF github.com/traefik/traefik/v3/pkg/server/server.go:76 > Server stopped
2024-09-13T08:02:32Z INF github.com/traefik/traefik/v3/cmd/traefik/traefik.go:163 > Shutting down
2024-09-13T08:22:11Z INF github.com/traefik/traefik/v3/cmd/traefik/traefik.go:101 > Traefik version 3.1.2 built on 2024-08-06T13:37:51Z version=3.1.2
2024-09-13T08:22:11Z DBG github.com/traefik/traefik/v3/cmd/traefik/traefik.go:108 > Static configuration loaded [json] staticConfiguration={"api":{"dashboard":true,"debug":true},"certificatesResolvers":{"cloudflare":{"acme":{"caServer":"https://acme-v02.api.letsencrypt.org/directory","certificatesDuration":2160,"dnsChallenge":{"provider":"cloudflare","resolvers":["1.1.1.1:53","1.0.0.0:53"]},"email":"p.korczewski@gmail.com","keyType":"RSA4096","storage":"/letsencrypt/acme.json"}}},"entryPoints":{"http":{"address":":80","forwardedHeaders":{},"http":{"redirections":{"entryPoint":{"permanent":true,"priority":9223372036854775806,"scheme":"https","to":"https"}}},"http2":{"maxConcurrentStreams":250},"transport":{"lifeCycle":{"graceTimeOut":"10s"},"respondingTimeouts":{"idleTimeout":"3m0s","readTimeout":"1m0s"}},"udp":{"timeout":"3s"}},"https":{"address":":443","forwardedHeaders":{},"http":{},"http2":{"maxConcurrentStreams":250},"transport":{"lifeCycle":{"graceTimeOut":"10s"},"respondingTimeouts":{"idleTimeout":"3m0s","readTimeout":"1m0s"}},"udp":{"timeout":"3s"}}},"global":{"checkNewVersion":true},"log":{"filePath":"/var/log/traefik.log","format":"common","level":"DEBUG"},"providers":{"docker":{"defaultRule":"Host(`{{ normalize .Name }}`)","endpoint":"unix:///var/run/docker.sock","watch":true},"file":{"filename":"/etc/traefik/config.yml","watch":true},"providersThrottleDuration":"2s"},"serversTransport":{"maxIdleConnsPerHost":200},"tcpServersTransport":{"dialKeepAlive":"15s","dialTimeout":"30s"}}
2024-09-13T08:22:11Z INF github.com/traefik/traefik/v3/cmd/traefik/traefik.go:617 > 
Stats collection is disabled.
Help us improve Traefik by turning this feature on :)
More details on: https://doc.traefik.io/traefik/contributing/data-collection/

2024-09-13T08:22:11Z INF github.com/traefik/traefik/v3/pkg/server/configurationwatcher.go:73 > Starting provider aggregator aggregator.ProviderAggregator
2024-09-13T08:22:11Z DBG github.com/traefik/traefik/v3/pkg/server/server_entrypoint_tcp.go:228 > Starting TCP Server entryPointName=http
2024-09-13T08:22:11Z DBG github.com/traefik/traefik/v3/pkg/server/server_entrypoint_tcp.go:228 > Starting TCP Server entryPointName=https
2024-09-13T08:22:11Z INF github.com/traefik/traefik/v3/pkg/provider/aggregator/aggregator.go:202 > Starting provider *file.Provider
2024-09-13T08:22:11Z DBG github.com/traefik/traefik/v3/pkg/provider/aggregator/aggregator.go:203 > *file.Provider provider configuration config={"filename":"/etc/traefik/config.yml","watch":true}
2024-09-13T08:22:11Z DBG github.com/traefik/traefik/v3/pkg/provider/file/file.go:122 > add watcher on: /etc/traefik
2024-09-13T08:22:11Z DBG github.com/traefik/traefik/v3/pkg/provider/file/file.go:122 > add watcher on: /etc/traefik/config.yml
2024-09-13T08:22:11Z DBG github.com/traefik/traefik/v3/pkg/server/configurationwatcher.go:227 > Configuration received config={"http":{"middlewares":{"https-redirect":{"redirectScheme":{"permanent":true,"scheme":"https"}},"nextcloud-secure-headers":{"headers":{"customResponseHeaders":{"X-Robots-Tag":"none"},"hostsProxyHeaders":["X-Forwarded-Host"],"referrerPolicy":"same-origin"}}}},"tcp":{},"tls":{},"udp":{}} providerName=file
2024-09-13T08:22:11Z INF github.com/traefik/traefik/v3/pkg/provider/aggregator/aggregator.go:202 > Starting provider *traefik.Provider
2024-09-13T08:22:11Z DBG github.com/traefik/traefik/v3/pkg/provider/aggregator/aggregator.go:203 > *traefik.Provider provider configuration config={}
2024-09-13T08:22:11Z DBG github.com/traefik/traefik/v3/pkg/server/configurationwatcher.go:227 > Configuration received config={"http":{"middlewares":{"redirect-http-to-https":{"redirectScheme":{"permanent":true,"port":"443","scheme":"https"}}},"routers":{"http-to-https":{"entryPoints":["http"],"middlewares":["redirect-http-to-https"],"priority":9223372036854775806,"rule":"HostRegexp(`^.+$`)","ruleSyntax":"v3","service":"noop@internal"}},"serversTransports":{"default":{"maxIdleConnsPerHost":200}},"services":{"api":{},"dashboard":{},"noop":{}}},"tcp":{"serversTransports":{"default":{"dialKeepAlive":"15s","dialTimeout":"30s"}}},"tls":{},"udp":{}} providerName=internal
2024-09-13T08:22:11Z INF github.com/traefik/traefik/v3/pkg/provider/aggregator/aggregator.go:202 > Starting provider *acme.ChallengeTLSALPN
2024-09-13T08:22:11Z DBG github.com/traefik/traefik/v3/pkg/provider/aggregator/aggregator.go:203 > *acme.ChallengeTLSALPN provider configuration config={}
2024-09-13T08:22:11Z INF github.com/traefik/traefik/v3/pkg/provider/aggregator/aggregator.go:202 > Starting provider *docker.Provider
2024-09-13T08:22:11Z DBG github.com/traefik/traefik/v3/pkg/provider/aggregator/aggregator.go:203 > *docker.Provider provider configuration config={"defaultRule":"Host(`{{ normalize .Name }}`)","endpoint":"unix:///var/run/docker.sock","watch":true}
2024-09-13T08:22:11Z INF github.com/traefik/traefik/v3/pkg/provider/aggregator/aggregator.go:202 > Starting provider *acme.Provider
2024-09-13T08:22:11Z DBG github.com/traefik/traefik/v3/pkg/provider/aggregator/aggregator.go:203 > *acme.Provider provider configuration config={"HTTPChallengeProvider":{},"ResolverName":"cloudflare","TLSChallengeProvider":{},"caServer":"https://acme-v02.api.letsencrypt.org/directory","certificatesDuration":2160,"dnsChallenge":{"provider":"cloudflare","resolvers":["1.1.1.1:53","1.0.0.0:53"]},"email":"p.korczewski@gmail.com","keyType":"RSA4096","storage":"/letsencrypt/acme.json","store":{}}
2024-09-13T08:22:11Z DBG github.com/traefik/traefik/v3/pkg/provider/acme/provider.go:213 > Attempt to renew certificates "720h0m0s" before expiry and check every "24h0m0s" acmeCA=https://acme-v02.api.letsencrypt.org/directory providerName=cloudflare.acme
2024-09-13T08:22:11Z INF github.com/traefik/traefik/v3/pkg/provider/acme/provider.go:795 > Testing certificate renew... acmeCA=https://acme-v02.api.letsencrypt.org/directory providerName=cloudflare.acme
2024-09-13T08:22:11Z DBG github.com/traefik/traefik/v3/pkg/server/configurationwatcher.go:227 > Configuration received config={"http":{},"tcp":{},"tls":{},"udp":{}} providerName=cloudflare.acme
2024-09-13T08:22:11Z DBG github.com/traefik/traefik/v3/pkg/provider/docker/pdocker.go:90 > Provider connection established with docker 27.2.1 (API 1.47) providerName=docker
2024-09-13T08:22:11Z DBG github.com/traefik/traefik/v3/pkg/provider/docker/config.go:184 > Filtering disabled container container=traefik-all-services-c78df82a0fddc0063f315baf8dc45970bbf26b5bc38d93700f32ed522e6eba27 providerName=docker
2024-09-13T08:22:11Z DBG github.com/traefik/traefik/v3/pkg/server/configurationwatcher.go:227 > Configuration received config={"http":{"routers":{"nextcloud":{"entryPoints":["https"],"rule":"Host(`nextcloud.mentolder.de`)","service":"nextcloud","tls":{"certResolver":"cloudflare"}}},"services":{"nextcloud":{"loadBalancer":{"passHostHeader":true,"responseForwarding":{"flushInterval":"100ms"},"servers":[{"url":"http://172.18.0.2:11000"}]}}}},"tcp":{},"tls":{},"udp":{}} providerName=docker
2024-09-13T08:22:11Z DBG github.com/traefik/traefik/v3/pkg/tls/tlsmanager.go:321 > No default certificate, fallback to the internal generated certificate tlsStoreName=default
2024-09-13T08:22:11Z DBG github.com/traefik/traefik/v3/pkg/middlewares/redirect/redirect_scheme.go:29 > Creating middleware entryPointName=http middlewareName=redirect-http-to-https@internal middlewareType=RedirectScheme routerName=http-to-https@internal
2024-09-13T08:22:11Z DBG github.com/traefik/traefik/v3/pkg/middlewares/redirect/redirect_scheme.go:30 > Setting up redirection to https 443 entryPointName=http middlewareName=redirect-http-to-https@internal middlewareType=RedirectScheme routerName=http-to-https@internal
2024-09-13T08:22:11Z DBG github.com/traefik/traefik/v3/pkg/middlewares/recovery/recovery.go:22 > Creating middleware entryPointName=http middlewareName=traefik-internal-recovery middlewareType=Recovery
2024-09-13T08:22:11Z DBG github.com/traefik/traefik/v3/pkg/tls/certificate.go:131 > Adding certificate for domain(s) *.mentolder.de,mentolder.de
2024-09-13T08:22:12Z DBG github.com/traefik/traefik/v3/pkg/tls/tlsmanager.go:321 > No default certificate, fallback to the internal generated certificate tlsStoreName=default
2024-09-13T08:22:12Z DBG github.com/traefik/traefik/v3/pkg/middlewares/redirect/redirect_scheme.go:29 > Creating middleware entryPointName=http middlewareName=redirect-http-to-https@internal middlewareType=RedirectScheme routerName=http-to-https@internal
2024-09-13T08:22:12Z DBG github.com/traefik/traefik/v3/pkg/middlewares/redirect/redirect_scheme.go:30 > Setting up redirection to https 443 entryPointName=http middlewareName=redirect-http-to-https@internal middlewareType=RedirectScheme routerName=http-to-https@internal
2024-09-13T08:22:12Z DBG github.com/traefik/traefik/v3/pkg/middlewares/recovery/recovery.go:22 > Creating middleware entryPointName=http middlewareName=traefik-internal-recovery middlewareType=Recovery
2024-09-13T08:22:12Z DBG github.com/traefik/traefik/v3/pkg/server/service/service.go:267 > Creating load-balancer entryPointName=https routerName=nextcloud@docker serviceName=nextcloud@docker
2024-09-13T08:22:12Z DBG github.com/traefik/traefik/v3/pkg/server/service/service.go:309 > Creating server entryPointName=https routerName=nextcloud@docker serverName=ba8293565fa469ac serviceName=nextcloud@docker target=http://172.18.0.2:11000
2024-09-13T08:22:12Z DBG github.com/traefik/traefik/v3/pkg/middlewares/recovery/recovery.go:22 > Creating middleware entryPointName=https middlewareName=traefik-internal-recovery middlewareType=Recovery
2024-09-13T08:22:12Z DBG github.com/traefik/traefik/v3/pkg/server/router/tcp/manager.go:237 > Adding route for nextcloud.mentolder.de with TLS options default entryPointName=https
2024-09-13T08:22:12Z DBG github.com/traefik/traefik/v3/pkg/provider/acme/provider.go:384 > Trying to challenge certificate for domain [nextcloud.mentolder.de] found in HostSNI rule ACME CA=https://acme-v02.api.letsencrypt.org/directory acmeCA=https://acme-v02.api.letsencrypt.org/directory providerName=cloudflare.acme routerName=nextcloud@docker rule=Host(`nextcloud.mentolder.de`)
2024-09-13T08:22:12Z DBG github.com/traefik/traefik/v3/pkg/provider/acme/provider.go:851 > Looking for provided certificate(s) to validate ["nextcloud.mentolder.de"]... ACME CA=https://acme-v02.api.letsencrypt.org/directory acmeCA=https://acme-v02.api.letsencrypt.org/directory providerName=cloudflare.acme routerName=nextcloud@docker rule=Host(`nextcloud.mentolder.de`)
2024-09-13T08:22:12Z DBG github.com/traefik/traefik/v3/pkg/provider/acme/provider.go:895 > No ACME certificate generation required for domains ACME CA=https://acme-v02.api.letsencrypt.org/directory acmeCA=https://acme-v02.api.letsencrypt.org/directory domains=["nextcloud.mentolder.de"] providerName=cloudflare.acme routerName=nextcloud@docker rule=Host(`nextcloud.mentolder.de`)
2024-09-13T08:26:43Z INF github.com/traefik/traefik/v3/pkg/server/server.go:51 > I have to go...
2024-09-13T08:26:43Z INF github.com/traefik/traefik/v3/pkg/server/server.go:52 > Stopping server gracefully
2024-09-13T08:26:43Z DBG github.com/traefik/traefik/v3/pkg/server/server_entrypoint_tcp.go:295 > Waiting 10s seconds before killing connections entryPointName=https
2024-09-13T08:26:43Z DBG github.com/traefik/traefik/v3/pkg/server/server_entrypoint_tcp.go:295 > Waiting 10s seconds before killing connections entryPointName=http
2024-09-13T08:26:43Z ERR github.com/traefik/traefik/v3/pkg/server/server_entrypoint_tcp.go:237 > error="accept tcp [::]:443: use of closed network connection" entryPointName=https
2024-09-13T08:26:43Z ERR github.com/traefik/traefik/v3/pkg/server/server_entrypoint_tcp.go:691 > Error while starting server error="accept tcp [::]:443: use of closed network connection" entryPointName=https
2024-09-13T08:26:43Z ERR github.com/traefik/traefik/v3/pkg/server/server_entrypoint_tcp.go:237 > error="accept tcp [::]:80: use of closed network connection" entryPointName=http
2024-09-13T08:26:43Z ERR github.com/traefik/traefik/v3/pkg/server/server_entrypoint_tcp.go:313 > error="close tcp [::]:80: use of closed network connection" entryPointName=http
2024-09-13T08:26:43Z DBG github.com/traefik/traefik/v3/pkg/server/server_entrypoint_tcp.go:153 > Entrypoint closed entryPointName=https
2024-09-13T08:26:43Z DBG github.com/traefik/traefik/v3/pkg/server/server_entrypoint_tcp.go:153 > Entrypoint closed entryPointName=http
2024-09-13T08:26:43Z INF github.com/traefik/traefik/v3/pkg/server/server.go:76 > Server stopped
2024-09-13T08:26:43Z INF github.com/traefik/traefik/v3/cmd/traefik/traefik.go:163 > Shutting down
2024-09-13T08:27:59Z INF github.com/traefik/traefik/v3/cmd/traefik/traefik.go:101 > Traefik version 3.1.2 built on 2024-08-06T13:37:51Z version=3.1.2
2024-09-13T08:27:59Z DBG github.com/traefik/traefik/v3/cmd/traefik/traefik.go:108 > Static configuration loaded [json] staticConfiguration={"api":{"dashboard":true,"debug":true},"certificatesResolvers":{"cloudflare":{"acme":{"caServer":"https://acme-v02.api.letsencrypt.org/directory","certificatesDuration":2160,"dnsChallenge":{"provider":"cloudflare","resolvers":["1.1.1.1:53","1.0.0.0:53"]},"email":"p.korczewski@gmail.com","keyType":"RSA4096","storage":"/letsencrypt/acme.json"}}},"entryPoints":{"http":{"address":":80","forwardedHeaders":{},"http":{"redirections":{"entryPoint":{"permanent":true,"priority":9223372036854775806,"scheme":"https","to":"https"}}},"http2":{"maxConcurrentStreams":250},"transport":{"lifeCycle":{"graceTimeOut":"10s"},"respondingTimeouts":{"idleTimeout":"3m0s","readTimeout":"1m0s"}},"udp":{"timeout":"3s"}},"https":{"address":":443","forwardedHeaders":{},"http":{},"http2":{"maxConcurrentStreams":250},"transport":{"lifeCycle":{"graceTimeOut":"10s"},"respondingTimeouts":{"idleTimeout":"3m0s","readTimeout":"1m0s"}},"udp":{"timeout":"3s"}}},"global":{"checkNewVersion":true},"log":{"filePath":"/var/log/traefik.log","format":"common","level":"DEBUG"},"providers":{"docker":{"defaultRule":"Host(`{{ normalize .Name }}`)","endpoint":"unix:///var/run/docker.sock","watch":true},"file":{"filename":"/etc/traefik/config.yml","watch":true},"providersThrottleDuration":"2s"},"serversTransport":{"maxIdleConnsPerHost":200},"tcpServersTransport":{"dialKeepAlive":"15s","dialTimeout":"30s"}}
2024-09-13T08:27:59Z INF github.com/traefik/traefik/v3/cmd/traefik/traefik.go:617 > 
Stats collection is disabled.
Help us improve Traefik by turning this feature on :)
More details on: https://doc.traefik.io/traefik/contributing/data-collection/

2024-09-13T08:27:59Z DBG github.com/traefik/traefik/v3/pkg/server/server_entrypoint_tcp.go:228 > Starting TCP Server entryPointName=https
2024-09-13T08:27:59Z DBG github.com/traefik/traefik/v3/pkg/server/server_entrypoint_tcp.go:228 > Starting TCP Server entryPointName=http
2024-09-13T08:27:59Z INF github.com/traefik/traefik/v3/pkg/server/configurationwatcher.go:73 > Starting provider aggregator aggregator.ProviderAggregator
2024-09-13T08:27:59Z INF github.com/traefik/traefik/v3/pkg/provider/aggregator/aggregator.go:202 > Starting provider *file.Provider
2024-09-13T08:27:59Z DBG github.com/traefik/traefik/v3/pkg/provider/aggregator/aggregator.go:203 > *file.Provider provider configuration config={"filename":"/etc/traefik/config.yml","watch":true}
2024-09-13T08:27:59Z DBG github.com/traefik/traefik/v3/pkg/provider/file/file.go:122 > add watcher on: /etc/traefik
2024-09-13T08:27:59Z DBG github.com/traefik/traefik/v3/pkg/provider/file/file.go:122 > add watcher on: /etc/traefik/config.yml
2024-09-13T08:27:59Z DBG github.com/traefik/traefik/v3/pkg/server/configurationwatcher.go:227 > Configuration received config={"http":{"middlewares":{"https-redirect":{"redirectScheme":{"permanent":true,"scheme":"https"}},"nextcloud-secure-headers":{"headers":{"customResponseHeaders":{"X-Robots-Tag":"none"},"hostsProxyHeaders":["X-Forwarded-Host"],"referrerPolicy":"same-origin"}}}},"tcp":{},"tls":{},"udp":{}} providerName=file
2024-09-13T08:27:59Z INF github.com/traefik/traefik/v3/pkg/provider/aggregator/aggregator.go:202 > Starting provider *traefik.Provider
2024-09-13T08:27:59Z DBG github.com/traefik/traefik/v3/pkg/provider/aggregator/aggregator.go:203 > *traefik.Provider provider configuration config={}
2024-09-13T08:27:59Z DBG github.com/traefik/traefik/v3/pkg/server/configurationwatcher.go:227 > Configuration received config={"http":{"middlewares":{"redirect-http-to-https":{"redirectScheme":{"permanent":true,"port":"443","scheme":"https"}}},"routers":{"http-to-https":{"entryPoints":["http"],"middlewares":["redirect-http-to-https"],"priority":9223372036854775806,"rule":"HostRegexp(`^.+$`)","ruleSyntax":"v3","service":"noop@internal"}},"serversTransports":{"default":{"maxIdleConnsPerHost":200}},"services":{"api":{},"dashboard":{},"noop":{}}},"tcp":{"serversTransports":{"default":{"dialKeepAlive":"15s","dialTimeout":"30s"}}},"tls":{},"udp":{}} providerName=internal
2024-09-13T08:27:59Z INF github.com/traefik/traefik/v3/pkg/provider/aggregator/aggregator.go:202 > Starting provider *acme.ChallengeTLSALPN
2024-09-13T08:27:59Z DBG github.com/traefik/traefik/v3/pkg/provider/aggregator/aggregator.go:203 > *acme.ChallengeTLSALPN provider configuration config={}
2024-09-13T08:27:59Z INF github.com/traefik/traefik/v3/pkg/provider/aggregator/aggregator.go:202 > Starting provider *docker.Provider
2024-09-13T08:27:59Z DBG github.com/traefik/traefik/v3/pkg/provider/aggregator/aggregator.go:203 > *docker.Provider provider configuration config={"defaultRule":"Host(`{{ normalize .Name }}`)","endpoint":"unix:///var/run/docker.sock","watch":true}
2024-09-13T08:27:59Z INF github.com/traefik/traefik/v3/pkg/provider/aggregator/aggregator.go:202 > Starting provider *acme.Provider
2024-09-13T08:27:59Z DBG github.com/traefik/traefik/v3/pkg/provider/aggregator/aggregator.go:203 > *acme.Provider provider configuration config={"HTTPChallengeProvider":{},"ResolverName":"cloudflare","TLSChallengeProvider":{},"caServer":"https://acme-v02.api.letsencrypt.org/directory","certificatesDuration":2160,"dnsChallenge":{"provider":"cloudflare","resolvers":["1.1.1.1:53","1.0.0.0:53"]},"email":"p.korczewski@gmail.com","keyType":"RSA4096","storage":"/letsencrypt/acme.json","store":{}}
2024-09-13T08:27:59Z DBG github.com/traefik/traefik/v3/pkg/provider/acme/provider.go:213 > Attempt to renew certificates "720h0m0s" before expiry and check every "24h0m0s" acmeCA=https://acme-v02.api.letsencrypt.org/directory providerName=cloudflare.acme
2024-09-13T08:27:59Z INF github.com/traefik/traefik/v3/pkg/provider/acme/provider.go:795 > Testing certificate renew... acmeCA=https://acme-v02.api.letsencrypt.org/directory providerName=cloudflare.acme
2024-09-13T08:27:59Z DBG github.com/traefik/traefik/v3/pkg/server/configurationwatcher.go:227 > Configuration received config={"http":{},"tcp":{},"tls":{},"udp":{}} providerName=cloudflare.acme
2024-09-13T08:27:59Z DBG github.com/traefik/traefik/v3/pkg/provider/docker/pdocker.go:90 > Provider connection established with docker 27.2.1 (API 1.47) providerName=docker
2024-09-13T08:27:59Z DBG github.com/traefik/traefik/v3/pkg/provider/docker/config.go:199 > Filtering unhealthy or starting container container=nextcloud-aio-mastercontainer-all-services-ecf2b8dc20203acf4b7fd116a42a364564b81a4f8fd50c2b8814a51b7ddbf2bc providerName=docker
2024-09-13T08:27:59Z DBG github.com/traefik/traefik/v3/pkg/provider/docker/config.go:184 > Filtering disabled container container=traefik-all-services-0bd1ca3603664c7de5966851c5f6ed2ce7f601872e7fc2c1a6abf1a1fe40b100 providerName=docker
2024-09-13T08:27:59Z DBG github.com/traefik/traefik/v3/pkg/server/configurationwatcher.go:227 > Configuration received config={"http":{},"tcp":{},"tls":{},"udp":{}} providerName=docker
2024-09-13T08:27:59Z DBG github.com/traefik/traefik/v3/pkg/tls/tlsmanager.go:321 > No default certificate, fallback to the internal generated certificate tlsStoreName=default
2024-09-13T08:27:59Z DBG github.com/traefik/traefik/v3/pkg/middlewares/redirect/redirect_scheme.go:29 > Creating middleware entryPointName=http middlewareName=redirect-http-to-https@internal middlewareType=RedirectScheme routerName=http-to-https@internal
2024-09-13T08:27:59Z DBG github.com/traefik/traefik/v3/pkg/middlewares/redirect/redirect_scheme.go:30 > Setting up redirection to https 443 entryPointName=http middlewareName=redirect-http-to-https@internal middlewareType=RedirectScheme routerName=http-to-https@internal
2024-09-13T08:27:59Z DBG github.com/traefik/traefik/v3/pkg/middlewares/recovery/recovery.go:22 > Creating middleware entryPointName=http middlewareName=traefik-internal-recovery middlewareType=Recovery
2024-09-13T08:27:59Z DBG github.com/traefik/traefik/v3/pkg/tls/certificate.go:131 > Adding certificate for domain(s) *.mentolder.de,mentolder.de
2024-09-13T08:27:59Z DBG github.com/traefik/traefik/v3/pkg/tls/tlsmanager.go:321 > No default certificate, fallback to the internal generated certificate tlsStoreName=default
2024-09-13T08:27:59Z DBG github.com/traefik/traefik/v3/pkg/middlewares/redirect/redirect_scheme.go:29 > Creating middleware entryPointName=http middlewareName=redirect-http-to-https@internal middlewareType=RedirectScheme routerName=http-to-https@internal
2024-09-13T08:27:59Z DBG github.com/traefik/traefik/v3/pkg/middlewares/redirect/redirect_scheme.go:30 > Setting up redirection to https 443 entryPointName=http middlewareName=redirect-http-to-https@internal middlewareType=RedirectScheme routerName=http-to-https@internal
2024-09-13T08:27:59Z DBG github.com/traefik/traefik/v3/pkg/middlewares/recovery/recovery.go:22 > Creating middleware entryPointName=http middlewareName=traefik-internal-recovery middlewareType=Recovery
2024-09-13T08:28:29Z DBG github.com/traefik/traefik/v3/pkg/provider/docker/pdocker.go:112 > Provider event received {Status:health_status: healthy ID:ecf2b8dc20203acf4b7fd116a42a364564b81a4f8fd50c2b8814a51b7ddbf2bc From:nextcloud/all-in-one:latest Type:container Action:health_status: healthy Actor:{ID:ecf2b8dc20203acf4b7fd116a42a364564b81a4f8fd50c2b8814a51b7ddbf2bc Attributes:map[com.docker.compose.config-hash:4e5aa42f25e018cd854743ca2e18def2ddfba912022bc2cfe59e9f9518781664 com.docker.compose.container-number:1 com.docker.compose.depends_on: com.docker.compose.oneoff:False com.docker.compose.project:all-services com.docker.compose.project.config_files:/home/gekko/NC-gekko/traefik/traefik-compose.yml,/home/gekko/NC-gekko/nextcloud/nextcloud-compose.yml com.docker.compose.project.environment_file:/home/gekko/NC-gekko/.env com.docker.compose.project.working_dir:/home/gekko/NC-gekko/traefik com.docker.compose.service:nextcloud-aio-mastercontainer com.docker.compose.version:2.3.3 image:nextcloud/all-in-one:latest name:nextcloud-aio-mastercontainer traefik.enable:true traefik.http.routers.nextcloud.entrypoints:https traefik.http.routers.nextcloud.rule:Host(`nextcloud.mentolder.de`) traefik.http.routers.nextcloud.tls:true traefik.http.routers.nextcloud.tls.certresolver:cloudflare traefik.http.services.nextcloud.loadbalancer.server.port:11000]} Scope:local Time:1726216109 TimeNano:1726216109143659118} providerName=docker
2024-09-13T08:28:29Z DBG github.com/traefik/traefik/v3/pkg/provider/docker/config.go:184 > Filtering disabled container container=traefik-all-services-0bd1ca3603664c7de5966851c5f6ed2ce7f601872e7fc2c1a6abf1a1fe40b100 providerName=docker
2024-09-13T08:28:29Z DBG github.com/traefik/traefik/v3/pkg/server/configurationwatcher.go:227 > Configuration received config={"http":{"routers":{"nextcloud":{"entryPoints":["https"],"rule":"Host(`nextcloud.mentolder.de`)","service":"nextcloud","tls":{"certResolver":"cloudflare"}}},"services":{"nextcloud":{"loadBalancer":{"passHostHeader":true,"responseForwarding":{"flushInterval":"100ms"},"servers":[{"url":"http://127.0.0.1:11000"}]}}}},"tcp":{},"tls":{},"udp":{}} providerName=docker
2024-09-13T08:28:29Z DBG github.com/traefik/traefik/v3/pkg/tls/certificate.go:131 > Adding certificate for domain(s) *.mentolder.de,mentolder.de
2024-09-13T08:28:29Z DBG github.com/traefik/traefik/v3/pkg/tls/tlsmanager.go:321 > No default certificate, fallback to the internal generated certificate tlsStoreName=default
2024-09-13T08:28:29Z DBG github.com/traefik/traefik/v3/pkg/middlewares/redirect/redirect_scheme.go:29 > Creating middleware entryPointName=http middlewareName=redirect-http-to-https@internal middlewareType=RedirectScheme routerName=http-to-https@internal
2024-09-13T08:28:29Z DBG github.com/traefik/traefik/v3/pkg/middlewares/redirect/redirect_scheme.go:30 > Setting up redirection to https 443 entryPointName=http middlewareName=redirect-http-to-https@internal middlewareType=RedirectScheme routerName=http-to-https@internal
2024-09-13T08:28:29Z DBG github.com/traefik/traefik/v3/pkg/middlewares/recovery/recovery.go:22 > Creating middleware entryPointName=http middlewareName=traefik-internal-recovery middlewareType=Recovery
2024-09-13T08:28:29Z DBG github.com/traefik/traefik/v3/pkg/server/service/service.go:267 > Creating load-balancer entryPointName=https routerName=nextcloud@docker serviceName=nextcloud@docker
2024-09-13T08:28:29Z DBG github.com/traefik/traefik/v3/pkg/server/service/service.go:309 > Creating server entryPointName=https routerName=nextcloud@docker serverName=7d169706abd1f918 serviceName=nextcloud@docker target=http://127.0.0.1:11000
2024-09-13T08:28:29Z DBG github.com/traefik/traefik/v3/pkg/middlewares/recovery/recovery.go:22 > Creating middleware entryPointName=https middlewareName=traefik-internal-recovery middlewareType=Recovery
2024-09-13T08:28:29Z DBG github.com/traefik/traefik/v3/pkg/server/router/tcp/manager.go:237 > Adding route for nextcloud.mentolder.de with TLS options default entryPointName=https
2024-09-13T08:28:29Z DBG github.com/traefik/traefik/v3/pkg/provider/acme/provider.go:384 > Trying to challenge certificate for domain [nextcloud.mentolder.de] found in HostSNI rule ACME CA=https://acme-v02.api.letsencrypt.org/directory acmeCA=https://acme-v02.api.letsencrypt.org/directory providerName=cloudflare.acme routerName=nextcloud@docker rule=Host(`nextcloud.mentolder.de`)
2024-09-13T08:28:29Z DBG github.com/traefik/traefik/v3/pkg/provider/acme/provider.go:851 > Looking for provided certificate(s) to validate ["nextcloud.mentolder.de"]... ACME CA=https://acme-v02.api.letsencrypt.org/directory acmeCA=https://acme-v02.api.letsencrypt.org/directory providerName=cloudflare.acme routerName=nextcloud@docker rule=Host(`nextcloud.mentolder.de`)
2024-09-13T08:28:29Z DBG github.com/traefik/traefik/v3/pkg/provider/acme/provider.go:895 > No ACME certificate generation required for domains ACME CA=https://acme-v02.api.letsencrypt.org/directory acmeCA=https://acme-v02.api.letsencrypt.org/directory domains=["nextcloud.mentolder.de"] providerName=cloudflare.acme routerName=nextcloud@docker rule=Host(`nextcloud.mentolder.de`)
2024-09-13T08:29:07Z INF github.com/traefik/traefik/v3/pkg/server/server.go:51 > I have to go...
2024-09-13T08:29:07Z INF github.com/traefik/traefik/v3/pkg/server/server.go:52 > Stopping server gracefully
2024-09-13T08:29:07Z DBG github.com/traefik/traefik/v3/pkg/server/server_entrypoint_tcp.go:295 > Waiting 10s seconds before killing connections entryPointName=https
2024-09-13T08:29:07Z DBG github.com/traefik/traefik/v3/pkg/server/server_entrypoint_tcp.go:295 > Waiting 10s seconds before killing connections entryPointName=http
2024-09-13T08:29:07Z ERR github.com/traefik/traefik/v3/pkg/server/server_entrypoint_tcp.go:237 > error="accept tcp [::]:443: use of closed network connection" entryPointName=https
2024-09-13T08:29:07Z ERR github.com/traefik/traefik/v3/pkg/server/server_entrypoint_tcp.go:237 > error="accept tcp [::]:80: use of closed network connection" entryPointName=http
2024-09-13T08:29:07Z DBG github.com/traefik/traefik/v3/pkg/server/server_entrypoint_tcp.go:153 > Entrypoint closed entryPointName=https
2024-09-13T08:29:07Z ERR github.com/traefik/traefik/v3/pkg/server/server_entrypoint_tcp.go:313 > error="close tcp [::]:80: use of closed network connection" entryPointName=http
2024-09-13T08:29:07Z ERR github.com/traefik/traefik/v3/pkg/server/server_entrypoint_tcp.go:691 > Error while starting server error="accept tcp [::]:443: use of closed network connection" entryPointName=https
2024-09-13T08:29:07Z DBG github.com/traefik/traefik/v3/pkg/server/server_entrypoint_tcp.go:153 > Entrypoint closed entryPointName=http
2024-09-13T08:29:07Z INF github.com/traefik/traefik/v3/pkg/server/server.go:76 > Server stopped
2024-09-13T08:29:07Z INF github.com/traefik/traefik/v3/cmd/traefik/traefik.go:163 > Shutting down
